<?xml version="1.0" encoding="UTF-8"?>
<!-- Generated by org.testng.reporters.JUnitReportReporter -->
<testsuite hostname="DESKTOP-7367SQR" failures="0" tests="4" name="godigit.qa.ecom.tests.LoginPageTest" time="8.446" errors="0" timestamp="2024-02-10T12:31:16 IST" skipped="0">
  <testcase classname="godigit.qa.ecom.tests.LoginPageTest" name="loginPageTitleTest" time="0.596"/>
  <testcase classname="godigit.qa.ecom.tests.LoginPageTest" name="loginPageURLTest" time="0.096"/>
  <testcase classname="godigit.qa.ecom.tests.LoginPageTest" name="forgotPwdLinkExistTest" time="0.564"/>
  <testcase classname="godigit.qa.ecom.tests.LoginPageTest" name="loginTest" time="7.190"/>
</testsuite> <!-- godigit.qa.ecom.tests.LoginPageTest -->
